<?xml version="1.0" encoding="UTF-8"?>
<testsuite name="pl.example.spring.Teczka.StudentServiceTest" tests="1" skipped="0" failures="0" errors="0" timestamp="2019-11-03T16:29:25" hostname="LAPTOP-42BGJH4U" time="0.061">
  <properties/>
  <testcase name="addStudentHasNewId" classname="pl.example.spring.Teczka.StudentServiceTest" time="0.061"/>
  <system-out><![CDATA[]]></system-out>
  <system-err><![CDATA[]]></system-err>
</testsuite>
