<?xml version="1.0" encoding="UTF-8"?>
<testsuite name="pl.example.spring.Teczka.studentServiceTest" tests="4" skipped="0" failures="0" errors="0" timestamp="2019-11-18T19:09:29" hostname="Ossj" time="1.777">
  <properties/>
  <testcase name="addStudentHasNewId" classname="pl.example.spring.Teczka.studentServiceTest" time="1.67"/>
  <testcase name="addStudentIsReturned" classname="pl.example.spring.Teczka.studentServiceTest" time="0.036"/>
  <testcase name="getEmptyList" classname="pl.example.spring.Teczka.studentServiceTest" time="0.018"/>
  <testcase name="addStudent" classname="pl.example.spring.Teczka.studentServiceTest" time="0.042"/>
  <system-out><![CDATA[20:09:12.742 [Test worker] DEBUG org.springframework.test.context.junit4.SpringJUnit4ClassRunner - SpringJUnit4ClassRunner constructor called with [class pl.example.spring.Teczka.studentServiceTest]
20:09:12.776 [Test worker] DEBUG org.springframework.test.context.BootstrapUtils - Instantiating CacheAwareContextLoaderDelegate from class [org.springframework.test.context.cache.DefaultCacheAwareContextLoaderDelegate]
20:09:12.811 [Test worker] DEBUG org.springframework.test.context.BootstrapUtils - Instantiating BootstrapContext using constructor [public org.springframework.test.context.support.DefaultBootstrapContext(java.lang.Class,org.springframework.test.context.CacheAwareContextLoaderDelegate)]
20:09:12.866 [Test worker] DEBUG org.springframework.test.context.BootstrapUtils - Instantiating TestContextBootstrapper for test class [pl.example.spring.Teczka.studentServiceTest] from class [org.springframework.boot.test.context.SpringBootTestContextBootstrapper]
20:09:12.912 [Test worker] INFO org.springframework.boot.test.context.SpringBootTestContextBootstrapper - Neither @ContextConfiguration nor @ContextHierarchy found for test class [pl.example.spring.Teczka.studentServiceTest], using SpringBootContextLoader
20:09:12.921 [Test worker] DEBUG org.springframework.test.context.support.AbstractContextLoader - Did not detect default resource location for test class [pl.example.spring.Teczka.studentServiceTest]: class path resource [pl/example/spring/Teczka/studentServiceTest-context.xml] does not exist
20:09:12.922 [Test worker] DEBUG org.springframework.test.context.support.AbstractContextLoader - Did not detect default resource location for test class [pl.example.spring.Teczka.studentServiceTest]: class path resource [pl/example/spring/Teczka/studentServiceTestContext.groovy] does not exist
20:09:12.923 [Test worker] INFO org.springframework.test.context.support.AbstractContextLoader - Could not detect default resource locations for test class [pl.example.spring.Teczka.studentServiceTest]: no resource found for suffixes {-context.xml, Context.groovy}.
20:09:12.926 [Test worker] INFO org.springframework.test.context.support.AnnotationConfigContextLoaderUtils - Could not detect default configuration classes for test class [pl.example.spring.Teczka.studentServiceTest]: studentServiceTest does not declare any static, non-private, non-final, nested classes annotated with @Configuration.
20:09:13.057 [Test worker] DEBUG org.springframework.test.context.support.ActiveProfilesUtils - Could not find an 'annotation declaring class' for annotation type [org.springframework.test.context.ActiveProfiles] and class [pl.example.spring.Teczka.studentServiceTest]
20:09:13.271 [Test worker] DEBUG org.springframework.context.annotation.ClassPathScanningCandidateComponentProvider - Identified candidate component class: file [C:\Users\Artur\Desktop\Teczka\build\classes\java\main\pl\example\spring\Teczka\TeczkaApplication.class]
20:09:13.277 [Test worker] INFO org.springframework.boot.test.context.SpringBootTestContextBootstrapper - Found @SpringBootConfiguration pl.example.spring.Teczka.TeczkaApplication for test class pl.example.spring.Teczka.studentServiceTest
20:09:13.552 [Test worker] DEBUG org.springframework.boot.test.context.SpringBootTestContextBootstrapper - @TestExecutionListeners is not present for class [pl.example.spring.Teczka.studentServiceTest]: using defaults.
20:09:13.554 [Test worker] INFO org.springframework.boot.test.context.SpringBootTestContextBootstrapper - Loaded default TestExecutionListener class names from location [META-INF/spring.factories]: [org.springframework.boot.test.autoconfigure.restdocs.RestDocsTestExecutionListener, org.springframework.boot.test.autoconfigure.web.client.MockRestServiceServerResetTestExecutionListener, org.springframework.boot.test.autoconfigure.web.servlet.MockMvcPrintOnlyOnFailureTestExecutionListener, org.springframework.boot.test.autoconfigure.web.servlet.WebDriverTestExecutionListener, org.springframework.boot.test.mock.mockito.MockitoTestExecutionListener, org.springframework.boot.test.mock.mockito.ResetMocksTestExecutionListener, org.springframework.test.context.web.ServletTestExecutionListener, org.springframework.test.context.support.DirtiesContextBeforeModesTestExecutionListener, org.springframework.test.context.support.DependencyInjectionTestExecutionListener, org.springframework.test.context.support.DirtiesContextTestExecutionListener, org.springframework.test.context.transaction.TransactionalTestExecutionListener, org.springframework.test.context.jdbc.SqlScriptsTestExecutionListener]
20:09:13.614 [Test worker] INFO org.springframework.boot.test.context.SpringBootTestContextBootstrapper - Using TestExecutionListeners: [org.springframework.test.context.web.ServletTestExecutionListener@206debd2, org.springframework.test.context.support.DirtiesContextBeforeModesTestExecutionListener@147110fd, org.springframework.boot.test.mock.mockito.MockitoTestExecutionListener@380069da, org.springframework.boot.test.autoconfigure.SpringBootDependencyInjectionTestExecutionListener@55c608bf, org.springframework.test.context.support.DirtiesContextTestExecutionListener@1aba4aae, org.springframework.test.context.transaction.TransactionalTestExecutionListener@65047fc, org.springframework.test.context.jdbc.SqlScriptsTestExecutionListener@3d25b055, org.springframework.boot.test.autoconfigure.restdocs.RestDocsTestExecutionListener@58c3c4be, org.springframework.boot.test.autoconfigure.web.client.MockRestServiceServerResetTestExecutionListener@10e41a32, org.springframework.boot.test.autoconfigure.web.servlet.MockMvcPrintOnlyOnFailureTestExecutionListener@140fc075, org.springframework.boot.test.autoconfigure.web.servlet.WebDriverTestExecutionListener@4b87db9, org.springframework.boot.test.mock.mockito.ResetMocksTestExecutionListener@4218afa4]
20:09:13.625 [Test worker] DEBUG org.springframework.test.annotation.ProfileValueUtils - Retrieved @ProfileValueSourceConfiguration [null] for test class [pl.example.spring.Teczka.studentServiceTest]
20:09:13.628 [Test worker] DEBUG org.springframework.test.annotation.ProfileValueUtils - Retrieved ProfileValueSource type [class org.springframework.test.annotation.SystemProfileValueSource] for class [pl.example.spring.Teczka.studentServiceTest]
20:09:13.633 [Test worker] DEBUG org.springframework.test.annotation.ProfileValueUtils - Retrieved @ProfileValueSourceConfiguration [null] for test class [pl.example.spring.Teczka.studentServiceTest]
20:09:13.634 [Test worker] DEBUG org.springframework.test.annotation.ProfileValueUtils - Retrieved ProfileValueSource type [class org.springframework.test.annotation.SystemProfileValueSource] for class [pl.example.spring.Teczka.studentServiceTest]
20:09:13.636 [Test worker] DEBUG org.springframework.test.annotation.ProfileValueUtils - Retrieved @ProfileValueSourceConfiguration [null] for test class [pl.example.spring.Teczka.studentServiceTest]
20:09:13.637 [Test worker] DEBUG org.springframework.test.annotation.ProfileValueUtils - Retrieved ProfileValueSource type [class org.springframework.test.annotation.SystemProfileValueSource] for class [pl.example.spring.Teczka.studentServiceTest]
20:09:13.650 [Test worker] DEBUG org.springframework.test.context.support.AbstractDirtiesContextTestExecutionListener - Before test class: context [DefaultTestContext@4bdf73c5 testClass = studentServiceTest, testInstance = [null], testMethod = [null], testException = [null], mergedContextConfiguration = [WebMergedContextConfiguration@2966d4f3 testClass = studentServiceTest, locations = '{}', classes = '{class pl.example.spring.Teczka.TeczkaApplication}', contextInitializerClasses = '[]', activeProfiles = '{}', propertySourceLocations = '{}', propertySourceProperties = '{org.springframework.boot.test.context.SpringBootTestContextBootstrapper=true}', contextCustomizers = set[org.springframework.boot.test.autoconfigure.properties.PropertyMappingContextCustomizer@0, org.springframework.boot.test.autoconfigure.web.servlet.WebDriverContextCustomizerFactory$Customizer@5b1ffd7f, org.springframework.boot.test.context.filter.ExcludeFilterContextCustomizer@48e35f1e, org.springframework.boot.test.json.DuplicateJsonObjectContextCustomizerFactory$DuplicateJsonObjectContextCustomizer@259ba8b5, org.springframework.boot.test.mock.mockito.MockitoContextCustomizer@0, org.springframework.boot.test.web.client.TestRestTemplateContextCustomizer@8902d46], resourceBasePath = 'src/main/webapp', contextLoader = 'org.springframework.boot.test.context.SpringBootContextLoader', parent = [null]], attributes = map['org.springframework.test.context.web.ServletTestExecutionListener.activateListener' -> true]], class annotated with @DirtiesContext [false] with mode [null].
20:09:13.653 [Test worker] DEBUG org.springframework.test.annotation.ProfileValueUtils - Retrieved @ProfileValueSourceConfiguration [null] for test class [pl.example.spring.Teczka.studentServiceTest]
20:09:13.653 [Test worker] DEBUG org.springframework.test.annotation.ProfileValueUtils - Retrieved ProfileValueSource type [class org.springframework.test.annotation.SystemProfileValueSource] for class [pl.example.spring.Teczka.studentServiceTest]
20:09:13.715 [Test worker] DEBUG org.springframework.test.context.support.TestPropertySourceUtils - Adding inlined properties to environment: {spring.jmx.enabled=false, org.springframework.boot.test.context.SpringBootTestContextBootstrapper=true, server.port=-1}

  .   ____          _            __ _ _
 /\\ / ___'_ __ _ _(_)_ __  __ _ \ \ \ \
( ( )\___ | '_ | '_| | '_ \/ _` | \ \ \ \
 \\/  ___)| |_)| | | | | || (_| |  ) ) ) )
  '  |____| .__|_| |_|_| |_\__, | / / / /
 =========|_|==============|___/=/_/_/_/
 :: Spring Boot ::        (v2.1.9.RELEASE)

2019-11-18 20:09:14.618  INFO 6944 --- [    Test worker] p.e.spring.Teczka.studentServiceTest     : Starting studentServiceTest on Ossj with PID 6944 (started by Artur in C:\Users\Artur\Desktop\Teczka)
2019-11-18 20:09:14.621  INFO 6944 --- [    Test worker] p.e.spring.Teczka.studentServiceTest     : No active profile set, falling back to default profiles: default
2019-11-18 20:09:17.683  INFO 6944 --- [    Test worker] .s.d.r.c.RepositoryConfigurationDelegate : Bootstrapping Spring Data repositories in DEFAULT mode.
2019-11-18 20:09:17.853  INFO 6944 --- [    Test worker] .s.d.r.c.RepositoryConfigurationDelegate : Finished Spring Data repository scanning in 150ms. Found 1 repository interfaces.
2019-11-18 20:09:19.212  INFO 6944 --- [    Test worker] trationDelegate$BeanPostProcessorChecker : Bean 'org.springframework.transaction.annotation.ProxyTransactionManagementConfiguration' of type [org.springframework.transaction.annotation.ProxyTransactionManagementConfiguration$$EnhancerBySpringCGLIB$$46ee057e] is not eligible for getting processed by all BeanPostProcessors (for example: not eligible for auto-proxying)
2019-11-18 20:09:19.842  INFO 6944 --- [    Test worker] com.zaxxer.hikari.HikariDataSource       : HikariPool-1 - Starting...
2019-11-18 20:09:20.497  INFO 6944 --- [    Test worker] com.zaxxer.hikari.HikariDataSource       : HikariPool-1 - Start completed.
2019-11-18 20:09:20.761  INFO 6944 --- [    Test worker] o.hibernate.jpa.internal.util.LogHelper  : HHH000204: Processing PersistenceUnitInfo [
	name: default
	...]
2019-11-18 20:09:21.023  INFO 6944 --- [    Test worker] org.hibernate.Version                    : HHH000412: Hibernate Core {5.3.12.Final}
2019-11-18 20:09:21.028  INFO 6944 --- [    Test worker] org.hibernate.cfg.Environment            : HHH000206: hibernate.properties not found
2019-11-18 20:09:21.581  INFO 6944 --- [    Test worker] o.hibernate.annotations.common.Version   : HCANN000001: Hibernate Commons Annotations {5.0.4.Final}
2019-11-18 20:09:22.179  INFO 6944 --- [    Test worker] org.hibernate.dialect.Dialect            : HHH000400: Using dialect: org.hibernate.dialect.H2Dialect
2019-11-18 20:09:24.116  INFO 6944 --- [    Test worker] o.h.t.schema.internal.SchemaCreatorImpl  : HHH000476: Executing import script 'org.hibernate.tool.schema.internal.exec.ScriptSourceInputNonExistentImpl@528fcd41'
2019-11-18 20:09:24.126  INFO 6944 --- [    Test worker] j.LocalContainerEntityManagerFactoryBean : Initialized JPA EntityManagerFactory for persistence unit 'default'
2019-11-18 20:09:27.279  INFO 6944 --- [    Test worker] o.s.s.concurrent.ThreadPoolTaskExecutor  : Initializing ExecutorService 'applicationTaskExecutor'
2019-11-18 20:09:27.536  WARN 6944 --- [    Test worker] aWebConfiguration$JpaWebMvcConfiguration : spring.jpa.open-in-view is enabled by default. Therefore, database queries may be performed during view rendering. Explicitly configure spring.jpa.open-in-view to disable this warning
2019-11-18 20:09:29.699  INFO 6944 --- [    Test worker] p.e.spring.Teczka.studentServiceTest     : Started studentServiceTest in 15.962 seconds (JVM running for 19.617)
2019-11-18 20:09:30.963  INFO 6944 --- [    Test worker] o.h.h.i.QueryTranslatorFactoryInitiator  : HHH000397: Using ASTQueryTranslatorFactory
]]></system-out>
  <system-err><![CDATA[]]></system-err>
</testsuite>
